D:\vs\MSBuild\Microsoft\VC\v170\Microsoft.CppBuild.targets(531,5): warning MSB8028: 中间目录(x64\Debug\)包含从另一个项目(图书管理系统.vcxproj)共享的文件。   这会导致错误的清除和重新生成行为。
  BookStystemManager.cpp
C:\Users\21673\Desktop\作业\图书管理系统\BookStystemManager.cpp(45,12): warning C4996: 'getch': The POSIX name for this item is deprecated. Instead, use the ISO C and C++ conformant name: _getch. See online help for details.
C:\Users\21673\Desktop\作业\图书管理系统\BookStystemManager.cpp(47,19): warning C4101: “key”: 未引用的局部变量
C:\Users\21673\Desktop\作业\图书管理系统\BookStystemManager.cpp(47,8): warning C4101: “admin”: 未引用的局部变量
C:\Users\21673\Desktop\作业\图书管理系统\BookStystemManager.cpp(99,3): warning C4996: 'strcpy': This function or variable may be unsafe. Consider using strcpy_s instead. To disable deprecation, use _CRT_SECURE_NO_WARNINGS. See online help for details.
C:\Users\21673\Desktop\作业\图书管理系统\BookStystemManager.cpp(127,8): warning C4996: 'fopen': This function or variable may be unsafe. Consider using fopen_s instead. To disable deprecation, use _CRT_SECURE_NO_WARNINGS. See online help for details.
C:\Users\21673\Desktop\作业\图书管理系统\BookStystemManager.cpp(130,9): warning C4996: 'fopen': This function or variable may be unsafe. Consider using fopen_s instead. To disable deprecation, use _CRT_SECURE_NO_WARNINGS. See online help for details.
C:\Users\21673\Desktop\作业\图书管理系统\BookStystemManager.cpp(132,3): warning C4996: 'scanf': This function or variable may be unsafe. Consider using scanf_s instead. To disable deprecation, use _CRT_SECURE_NO_WARNINGS. See online help for details.
C:\Users\21673\Desktop\作业\图书管理系统\BookStystemManager.cpp(134,3): warning C4996: 'strcpy': This function or variable may be unsafe. Consider using strcpy_s instead. To disable deprecation, use _CRT_SECURE_NO_WARNINGS. See online help for details.
C:\Users\21673\Desktop\作业\图书管理系统\BookStystemManager.cpp(135,8): warning C4996: 'fopen': This function or variable may be unsafe. Consider using fopen_s instead. To disable deprecation, use _CRT_SECURE_NO_WARNINGS. See online help for details.
C:\Users\21673\Desktop\作业\图书管理系统\BookStystemManager.cpp(145,7): warning C4996: 'fopen': This function or variable may be unsafe. Consider using fopen_s instead. To disable deprecation, use _CRT_SECURE_NO_WARNINGS. See online help for details.
C:\Users\21673\Desktop\作业\图书管理系统\BookStystemManager.cpp(147,2): warning C4996: 'scanf': This function or variable may be unsafe. Consider using scanf_s instead. To disable deprecation, use _CRT_SECURE_NO_WARNINGS. See online help for details.
C:\Users\21673\Desktop\作业\图书管理系统\BookStystemManager.cpp(174,2): warning C4996: 'strcpy': This function or variable may be unsafe. Consider using strcpy_s instead. To disable deprecation, use _CRT_SECURE_NO_WARNINGS. See online help for details.
C:\Users\21673\Desktop\作业\图书管理系统\BookStystemManager.cpp(175,7): warning C4996: 'fopen': This function or variable may be unsafe. Consider using fopen_s instead. To disable deprecation, use _CRT_SECURE_NO_WARNINGS. See online help for details.
C:\Users\21673\Desktop\作业\图书管理系统\BookStystemManager.cpp(189,2): warning C4996: 'scanf': This function or variable may be unsafe. Consider using scanf_s instead. To disable deprecation, use _CRT_SECURE_NO_WARNINGS. See online help for details.
C:\Users\21673\Desktop\作业\图书管理系统\BookStystemManager.cpp(192,2): warning C4996: 'strcpy': This function or variable may be unsafe. Consider using strcpy_s instead. To disable deprecation, use _CRT_SECURE_NO_WARNINGS. See online help for details.
C:\Users\21673\Desktop\作业\图书管理系统\BookStystemManager.cpp(194,7): warning C4996: 'fopen': This function or variable may be unsafe. Consider using fopen_s instead. To disable deprecation, use _CRT_SECURE_NO_WARNINGS. See online help for details.
C:\Users\21673\Desktop\作业\图书管理系统\BookStystemManager.cpp(468,2): warning C4996: 'scanf': This function or variable may be unsafe. Consider using scanf_s instead. To disable deprecation, use _CRT_SECURE_NO_WARNINGS. See online help for details.
C:\Users\21673\Desktop\作业\图书管理系统\BookStystemManager.cpp(605,15): warning C4996: 'fopen': This function or variable may be unsafe. Consider using fopen_s instead. To disable deprecation, use _CRT_SECURE_NO_WARNINGS. See online help for details.
C:\Users\21673\Desktop\作业\图书管理系统\BookStystemManager.cpp(654,15): warning C4996: 'fopen': This function or variable may be unsafe. Consider using fopen_s instead. To disable deprecation, use _CRT_SECURE_NO_WARNINGS. See online help for details.
C:\Users\21673\Desktop\作业\图书管理系统\BookStystemManager.cpp(692,10): warning C4477: “scanf”: 格式字符串“%s”需要类型“char *”的参数，但可变参数 2 拥有了类型“int *”
C:\Users\21673\Desktop\作业\图书管理系统\BookStystemManager.cpp(692,10): warning C4473: “scanf”: 没有为格式字符串传递足够的参数
C:\Users\21673\Desktop\作业\图书管理系统\BookStystemManager.cpp(692,10): message : 占位符和其参数预计 3 可变参数，但提供的却是 2 参数
C:\Users\21673\Desktop\作业\图书管理系统\BookStystemManager.cpp(692,10): message : 缺失的可变参数 3 为格式字符串“%d”所需
C:\Users\21673\Desktop\作业\图书管理系统\BookStystemManager.cpp(686,2): warning C4996: 'scanf': This function or variable may be unsafe. Consider using scanf_s instead. To disable deprecation, use _CRT_SECURE_NO_WARNINGS. See online help for details.
C:\Users\21673\Desktop\作业\图书管理系统\BookStystemManager.cpp(692,4): warning C4996: 'scanf': This function or variable may be unsafe. Consider using scanf_s instead. To disable deprecation, use _CRT_SECURE_NO_WARNINGS. See online help for details.
C:\Users\21673\Desktop\作业\图书管理系统\BookStystemManager.cpp(748,2): warning C4996: 'scanf': This function or variable may be unsafe. Consider using scanf_s instead. To disable deprecation, use _CRT_SECURE_NO_WARNINGS. See online help for details.
C:\Users\21673\Desktop\作业\图书管理系统\BookStystemManager.cpp(935,2): warning C4996: 'scanf': This function or variable may be unsafe. Consider using scanf_s instead. To disable deprecation, use _CRT_SECURE_NO_WARNINGS. See online help for details.
C:\Users\21673\Desktop\作业\图书管理系统\BookStystemManager.cpp(1027,12): warning C4996: 'getch': The POSIX name for this item is deprecated. Instead, use the ISO C and C++ conformant name: _getch. See online help for details.
C:\Users\21673\Desktop\作业\图书管理系统\BookStystemManager.cpp(1037,4): warning C4996: 'scanf': This function or variable may be unsafe. Consider using scanf_s instead. To disable deprecation, use _CRT_SECURE_NO_WARNINGS. See online help for details.
C:\Users\21673\Desktop\作业\图书管理系统\BookStystemManager.cpp(1038,10): warning C4996: 'fopen': This function or variable may be unsafe. Consider using fopen_s instead. To disable deprecation, use _CRT_SECURE_NO_WARNINGS. See online help for details.
C:\Users\21673\Desktop\作业\图书管理系统\BookStystemManager.cpp(1064,10): warning C4996: 'fopen': This function or variable may be unsafe. Consider using fopen_s instead. To disable deprecation, use _CRT_SECURE_NO_WARNINGS. See online help for details.
C:\Users\21673\Desktop\作业\图书管理系统\BookStystemManager.cpp(1066,11): warning C4996: 'fopen': This function or variable may be unsafe. Consider using fopen_s instead. To disable deprecation, use _CRT_SECURE_NO_WARNINGS. See online help for details.
C:\Users\21673\Desktop\作业\图书管理系统\BookStystemManager.cpp(1078,11): warning C4996: 'fopen': This function or variable may be unsafe. Consider using fopen_s instead. To disable deprecation, use _CRT_SECURE_NO_WARNINGS. See online help for details.
C:\Users\21673\Desktop\作业\图书管理系统\BookStystemManager.cpp(1080,10): warning C4996: 'fopen': This function or variable may be unsafe. Consider using fopen_s instead. To disable deprecation, use _CRT_SECURE_NO_WARNINGS. See online help for details.
C:\Users\21673\Desktop\作业\图书管理系统\BookStystemManager.cpp(1185,8): warning C4996: 'fopen': This function or variable may be unsafe. Consider using fopen_s instead. To disable deprecation, use _CRT_SECURE_NO_WARNINGS. See online help for details.
C:\Users\21673\Desktop\作业\图书管理系统\BookStystemManager.cpp(1201,7): warning C4996: 'fopen': This function or variable may be unsafe. Consider using fopen_s instead. To disable deprecation, use _CRT_SECURE_NO_WARNINGS. See online help for details.
C:\Users\21673\Desktop\作业\图书管理系统\BookStystemManager.cpp(1203,8): warning C4996: 'fopen': This function or variable may be unsafe. Consider using fopen_s instead. To disable deprecation, use _CRT_SECURE_NO_WARNINGS. See online help for details.
C:\Users\21673\Desktop\作业\图书管理系统\BookStystemManager.cpp(1205,2): warning C4996: 'scanf': This function or variable may be unsafe. Consider using scanf_s instead. To disable deprecation, use _CRT_SECURE_NO_WARNINGS. See online help for details.
C:\Users\21673\Desktop\作业\图书管理系统\BookStystemManager.cpp(1218,8): warning C4996: 'fopen': This function or variable may be unsafe. Consider using fopen_s instead. To disable deprecation, use _CRT_SECURE_NO_WARNINGS. See online help for details.
C:\Users\21673\Desktop\作业\图书管理系统\BookStystemManager.cpp(1220,7): warning C4996: 'fopen': This function or variable may be unsafe. Consider using fopen_s instead. To disable deprecation, use _CRT_SECURE_NO_WARNINGS. See online help for details.
C:\Users\21673\Desktop\作业\图书管理系统\BookStystemManager.cpp(1236,7): warning C4996: 'fopen': This function or variable may be unsafe. Consider using fopen_s instead. To disable deprecation, use _CRT_SECURE_NO_WARNINGS. See online help for details.
  图书管理系统.vcxproj -> C:\Users\21673\Desktop\作业\图书管理系统\x64\Debug\图书管理系统(1).exe
